#
# A fatal error has been detected by the Java Runtime Environment:
#
#  EXCEPTION_ACCESS_VIOLATION (0xc0000005) at pc=0x000000006ee76520, pid=7180, tid=7216
#
# JRE version: Java(TM) SE Runtime Environment (8.0_05-b13) (build 1.8.0_05-b13)
# Java VM: Java HotSpot(TM) 64-Bit Server VM (25.5-b02 mixed mode windows-amd64 compressed oops)
# Problematic frame:
# C  [xuggle3901129225626076304.dll+0x736520]
#
# Failed to write core dump. Minidumps are not enabled by default on client versions of Windows
#
# If you would like to submit a bug report, please visit:
#   http://bugreport.sun.com/bugreport/crash.jsp
# The crash happened outside the Java Virtual Machine in native code.
# See problematic frame for where to report the bug.
#

---------------  T H R E A D  ---------------

Current thread (0x00000000020de000):  JavaThread "main" [_thread_in_native, id=7216, stack(0x0000000001fc0000,0x00000000020c0000)]

siginfo: ExceptionCode=0xc0000005, reading address 0xffffffffffffffff

Registers:
RAX=0x000000001923e3d0, RBX=0x000000001939ea80, RCX=0x000000001923e3d0, RDX=0x0000000000000009
RSP=0x00000000020be190, RBP=0x000000001923db10, RSI=0x000000001923f3d0, RDI=0x0000000000000004
R8 =0x000000006ee77580, R9 =0x000000006ee76490, R10=0x00000000191eb940, R11=0x000000001940d390
R12=0x000000001940db90, R13=0x0000000000000004, R14=0x0000000000000184, R15=0x000000006fab8f20
RIP=0x000000006ee76520, EFLAGS=0x0000000000010202

Top of Stack: (sp=0x00000000020be190)
0x00000000020be190:   000000006ee76665 000000006ee774c5
0x00000000020be1a0:   000000006ee77505 000000006ee77545
0x00000000020be1b0:   000000006ee77585 000000006ee79426
0x00000000020be1c0:   000000006fab8f20 000000001923e3d0
0x00000000020be1d0:   00000000193a0f40 0000000000000001
0x00000000020be1e0:   3fe0000000000000 0000000000000000
0x00000000020be1f0:   40c7760000000000 0000000000000000
0x00000000020be200:   3fe0000000000000 0000000000000001
0x00000000020be210:   00000000193a1f40 000000006ea45d24
0x00000000020be220:   3f40624dd2f1a9fc 0000000000000000
0x00000000020be230:   0000000000000000 0000000000000000
0x00000000020be240:   0000000000000000 0000000000000000
0x00000000020be250:   00000000193aae40 000000006fab7320
0x00000000020be260:   000000001652e605 000000001939e9e0
0x00000000020be270:   0000000000000001 000000001923db10
0x00000000020be280:   000000001923db90 0000000000000000 

Instructions: (pc=0x000000006ee76520)
0x000000006ee76500:   c4 e3 5d 0c c0 55 c5 e4 5c c8 c5 e4 58 c0 c5 fc
0x000000006ee76510:   29 01 c5 fc 29 49 20 c3 0f 1f 84 00 00 00 00 00
0x000000006ee76520:   c5 fc 28 51 40 c5 fc 28 59 60 c5 ec 5c fb c5 ec
0x000000006ee76530:   58 d3 c5 c4 57 3d 26 41 84 00 c5 ec c6 df be c5 


Register to memory mapping:

RAX=0x000000001923e3d0 is an unknown value
RBX=0x000000001939ea80 is an unknown value
RCX=0x000000001923e3d0 is an unknown value
RDX=0x0000000000000009 is an unknown value
RSP=0x00000000020be190 is pointing into the stack for thread: 0x00000000020de000
RBP=0x000000001923db10 is an unknown value
RSI=0x000000001923f3d0 is an unknown value
RDI=0x0000000000000004 is an unknown value
R8 =0x000000006ee77580 is an unknown value
R9 =0x000000006ee76490 is an unknown value
R10=0x00000000191eb940 is an unknown value
R11=0x000000001940d390 is an unknown value
R12=0x000000001940db90 is an unknown value
R13=0x0000000000000004 is an unknown value
R14=0x0000000000000184 is an unknown value
R15=0x000000006fab8f20 is an unknown value


Stack: [0x0000000001fc0000,0x00000000020c0000],  sp=0x00000000020be190,  free space=1016k
Native frames: (J=compiled Java code, j=interpreted, Vv=VM code, C=native code)
C  [xuggle3901129225626076304.dll+0x736520]

Java frames: (J=compiled Java code, j=interpreted, Vv=VM code)
j  com.xuggle.xuggler.XugglerJNI.IContainer_open__SWIG_0(JLcom/xuggle/xuggler/IContainer;Ljava/lang/String;IJLcom/xuggle/xuggler/IContainerFormat;)I+0
j  com.xuggle.xuggler.IContainer.open(Ljava/lang/String;Lcom/xuggle/xuggler/IContainer$Type;Lcom/xuggle/xuggler/IContainerFormat;)I+15
j  sgen.xuggle.video.DecodeAndSaveAudioVideo.main([Ljava/lang/String;)V+29
v  ~StubRoutines::call_stub

---------------  P R O C E S S  ---------------

Java Threads: ( => current thread )
  0x0000000017e89800 JavaThread "Service Thread" daemon [_thread_blocked, id=6600, stack(0x0000000018710000,0x0000000018810000)]
  0x0000000016aca000 JavaThread "C1 CompilerThread2" daemon [_thread_blocked, id=8040, stack(0x0000000018610000,0x0000000018710000)]
  0x0000000016ac5800 JavaThread "C2 CompilerThread1" daemon [_thread_blocked, id=7564, stack(0x0000000018510000,0x0000000018610000)]
  0x0000000016abd000 JavaThread "C2 CompilerThread0" daemon [_thread_blocked, id=8104, stack(0x0000000018410000,0x0000000018510000)]
  0x0000000017e52800 JavaThread "Attach Listener" daemon [_thread_blocked, id=3004, stack(0x0000000018310000,0x0000000018410000)]
  0x0000000016ab2800 JavaThread "Signal Dispatcher" daemon [_thread_blocked, id=4160, stack(0x0000000018210000,0x0000000018310000)]
  0x00000000021d5800 JavaThread "Finalizer" daemon [_thread_blocked, id=4492, stack(0x0000000017d10000,0x0000000017e10000)]
  0x0000000016a67800 JavaThread "Reference Handler" daemon [_thread_blocked, id=7932, stack(0x0000000017c10000,0x0000000017d10000)]
=>0x00000000020de000 JavaThread "main" [_thread_in_native, id=7216, stack(0x0000000001fc0000,0x00000000020c0000)]

Other Threads:
  0x0000000016a66800 VMThread [stack: 0x0000000017b10000,0x0000000017c10000] [id=5232]
  0x0000000017e9b800 WatcherThread [stack: 0x0000000018810000,0x0000000018910000] [id=7308]

VM state:not at safepoint (normal execution)

VM Mutex/Monitor currently owned by a thread: None

Heap:
 PSYoungGen      total 2560K, used 689K [0x00000000d7500000, 0x00000000d7800000, 0x0000000100000000)
  eden space 2048K, 9% used [0x00000000d7500000,0x00000000d7532130,0x00000000d7700000)
  from space 512K, 95% used [0x00000000d7780000,0x00000000d77fa610,0x00000000d7800000)
  to   space 512K, 0% used [0x00000000d7700000,0x00000000d7700000,0x00000000d7780000)
 ParOldGen       total 125440K, used 859K [0x0000000085e00000, 0x000000008d880000, 0x00000000d7500000)
  object space 125440K, 0% used [0x0000000085e00000,0x0000000085ed6c40,0x000000008d880000)
 Metaspace       used 4340K, capacity 5088K, committed 5248K, reserved 1056768K
  class space    used 479K, capacity 528K, committed 640K, reserved 1048576K

Card table byte_map: [0x00000000115a0000,0x0000000011980000] byte_map_base: 0x0000000011171000

Marking Bits: (ParMarkBitMap*) 0x00000000660a13b0
 Begin Bits: [0x0000000012010000, 0x0000000013e98000)
 End Bits:   [0x0000000013e98000, 0x0000000015d20000)

Polling page: 0x0000000000420000

CodeCache: size=245760Kb used=1508Kb max_used=1508Kb free=244251Kb
 bounds [0x00000000021e0000, 0x0000000002450000, 0x00000000111e0000]
 total_blobs=527 nmethods=203 adapters=238
 compilation: enabled

Compilation events (10 events):
Event: 0.812 Thread 0x0000000016aca000  197       3       java.util.BitSet::checkInvariants (111 bytes)
Event: 0.812 Thread 0x0000000016aca000 nmethod 197 0x0000000002351210 code [0x0000000002351360, 0x00000000023514d0]
Event: 0.813 Thread 0x0000000016aca000  198       3       sun.util.calendar.CalendarDate::setNormalized (6 bytes)
Event: 0.813 Thread 0x0000000016aca000 nmethod 198 0x0000000002350e90 code [0x0000000002350fe0, 0x0000000002351130]
Event: 0.814 Thread 0x0000000016aca000  199       3       java.io.WinNTFileSystem::prefixLength (91 bytes)
Event: 0.814 Thread 0x0000000016aca000 nmethod 199 0x0000000002357690 code [0x0000000002357880, 0x00000000023583c8]
Event: 0.814 Thread 0x0000000016aca000  200       3       java.util.WeakHashMap::maskNull (12 bytes)
Event: 0.815 Thread 0x0000000016aca000 nmethod 200 0x0000000002358850 code [0x00000000023589a0, 0x0000000002358b30]
Event: 0.815 Thread 0x0000000016aca000  201       3       java.util.WeakHashMap::hash (28 bytes)
Event: 0.815 Thread 0x0000000016aca000 nmethod 201 0x0000000002358b90 code [0x0000000002358d00, 0x0000000002358f48]

GC Heap History (8 events):
Event: 0.120 GC heap before
{Heap before GC invocations=1 (full 0):
 PSYoungGen      total 1024K, used 512K [0x00000000d7500000, 0x00000000d7680000, 0x0000000100000000)
  eden space 512K, 100% used [0x00000000d7500000,0x00000000d7580000,0x00000000d7580000)
  from space 512K, 0% used [0x00000000d7600000,0x00000000d7600000,0x00000000d7680000)
  to   space 512K, 0% used [0x00000000d7580000,0x00000000d7580000,0x00000000d7600000)
 ParOldGen       total 125440K, used 0K [0x0000000085e00000, 0x000000008d880000, 0x00000000d7500000)
  object space 125440K, 0% used [0x0000000085e00000,0x0000000085e00000,0x000000008d880000)
 Metaspace       used 1674K, capacity 4480K, committed 4480K, reserved 1056768K
  class space    used 178K, capacity 384K, committed 384K, reserved 1048576K
Event: 0.121 GC heap after
Heap after GC invocations=1 (full 0):
 PSYoungGen      total 1024K, used 505K [0x00000000d7500000, 0x00000000d7700000, 0x0000000100000000)
  eden space 512K, 0% used [0x00000000d7500000,0x00000000d7500000,0x00000000d7580000)
  from space 512K, 98% used [0x00000000d7580000,0x00000000d75fe620,0x00000000d7600000)
  to   space 512K, 0% used [0x00000000d7680000,0x00000000d7680000,0x00000000d7700000)
 ParOldGen       total 125440K, used 0K [0x0000000085e00000, 0x000000008d880000, 0x00000000d7500000)
  object space 125440K, 0% used [0x0000000085e00000,0x0000000085e00000,0x000000008d880000)
 Metaspace       used 1674K, capacity 4480K, committed 4480K, reserved 1056768K
  class space    used 178K, capacity 384K, committed 384K, reserved 1048576K
}
Event: 0.187 GC heap before
{Heap before GC invocations=2 (full 0):
 PSYoungGen      total 1024K, used 1017K [0x00000000d7500000, 0x00000000d7700000, 0x0000000100000000)
  eden space 512K, 100% used [0x00000000d7500000,0x00000000d7580000,0x00000000d7580000)
  from space 512K, 98% used [0x00000000d7580000,0x00000000d75fe620,0x00000000d7600000)
  to   space 512K, 0% used [0x00000000d7680000,0x00000000d7680000,0x00000000d7700000)
 ParOldGen       total 125440K, used 0K [0x0000000085e00000, 0x000000008d880000, 0x00000000d7500000)
  object space 125440K, 0% used [0x0000000085e00000,0x0000000085e00000,0x000000008d880000)
 Metaspace       used 2887K, capacity 4490K, committed 4864K, reserved 1056768K
  class space    used 310K, capacity 386K, committed 512K, reserved 1048576K
Event: 0.189 GC heap after
Heap after GC invocations=2 (full 0):
 PSYoungGen      total 1536K, used 505K [0x00000000d7500000, 0x00000000d7700000, 0x0000000100000000)
  eden space 1024K, 0% used [0x00000000d7500000,0x00000000d7500000,0x00000000d7600000)
  from space 512K, 98% used [0x00000000d7680000,0x00000000d76fe620,0x00000000d7700000)
  to   space 512K, 0% used [0x00000000d7600000,0x00000000d7600000,0x00000000d7680000)
 ParOldGen       total 125440K, used 264K [0x0000000085e00000, 0x000000008d880000, 0x00000000d7500000)
  object space 125440K, 0% used [0x0000000085e00000,0x0000000085e42000,0x000000008d880000)
 Metaspace       used 2887K, capacity 4490K, committed 4864K, reserved 1056768K
  class space    used 310K, capacity 386K, committed 512K, reserved 1048576K
}
Event: 0.261 GC heap before
{Heap before GC invocations=3 (full 0):
 PSYoungGen      total 1536K, used 1529K [0x00000000d7500000, 0x00000000d7700000, 0x0000000100000000)
  eden space 1024K, 100% used [0x00000000d7500000,0x00000000d7600000,0x00000000d7600000)
  from space 512K, 98% used [0x00000000d7680000,0x00000000d76fe620,0x00000000d7700000)
  to   space 512K, 0% used [0x00000000d7600000,0x00000000d7600000,0x00000000d7680000)
 ParOldGen       total 125440K, used 264K [0x0000000085e00000, 0x000000008d880000, 0x00000000d7500000)
  object space 125440K, 0% used [0x0000000085e00000,0x0000000085e42000,0x000000008d880000)
 Metaspace       used 3296K, capacity 4728K, committed 4864K, reserved 1056768K
  class space    used 369K, capacity 424K, committed 512K, reserved 1048576K
Event: 0.262 GC heap after
Heap after GC invocations=3 (full 0):
 PSYoungGen      total 1536K, used 505K [0x00000000d7500000, 0x00000000d7800000, 0x0000000100000000)
  eden space 1024K, 0% used [0x00000000d7500000,0x00000000d7500000,0x00000000d7600000)
  from space 512K, 98% used [0x00000000d7600000,0x00000000d767e640,0x00000000d7680000)
  to   space 512K, 0% used [0x00000000d7780000,0x00000000d7780000,0x00000000d7800000)
 ParOldGen       total 125440K, used 524K [0x0000000085e00000, 0x000000008d880000, 0x00000000d7500000)
  object space 125440K, 0% used [0x0000000085e00000,0x0000000085e83070,0x000000008d880000)
 Metaspace       used 3296K, capacity 4728K, committed 4864K, reserved 1056768K
  class space    used 369K, capacity 424K, committed 512K, reserved 1048576K
}
Event: 0.817 GC heap before
{Heap before GC invocations=4 (full 0):
 PSYoungGen      total 1536K, used 1510K [0x00000000d7500000, 0x00000000d7800000, 0x0000000100000000)
  eden space 1024K, 98% used [0x00000000d7500000,0x00000000d75fb488,0x00000000d7600000)
  from space 512K, 98% used [0x00000000d7600000,0x00000000d767e640,0x00000000d7680000)
  to   space 512K, 0% used [0x00000000d7780000,0x00000000d7780000,0x00000000d7800000)
 ParOldGen       total 125440K, used 524K [0x0000000085e00000, 0x000000008d880000, 0x00000000d7500000)
  object space 125440K, 0% used [0x0000000085e00000,0x0000000085e83070,0x000000008d880000)
 Metaspace       used 4249K, capacity 5024K, committed 5248K, reserved 1056768K
  class space    used 472K, capacity 528K, committed 640K, reserved 1048576K
Event: 0.818 GC heap after
Heap after GC invocations=4 (full 0):
 PSYoungGen      total 2560K, used 489K [0x00000000d7500000, 0x00000000d7800000, 0x0000000100000000)
  eden space 2048K, 0% used [0x00000000d7500000,0x00000000d7500000,0x00000000d7700000)
  from space 512K, 95% used [0x00000000d7780000,0x00000000d77fa610,0x00000000d7800000)
  to   space 512K, 0% used [0x00000000d7700000,0x00000000d7700000,0x00000000d7780000)
 ParOldGen       total 125440K, used 859K [0x0000000085e00000, 0x000000008d880000, 0x00000000d7500000)
  object space 125440K, 0% used [0x0000000085e00000,0x0000000085ed6c40,0x000000008d880000)
 Metaspace       used 4249K, capacity 5024K, committed 5248K, reserved 1056768K
  class space    used 472K, capacity 528K, committed 640K, reserved 1048576K
}

Deoptimization events (0 events):
No events

Internal exceptions (10 events):
Event: 0.808 Thread 0x00000000020de000 Exception <a 'java/security/PrivilegedActionException'> (0x00000000d75d9f20) thrown at [D:\re\workspace\8-2-build-windows-amd64-cygwin\jdk8u5\2488\hotspot\src\share\vm\prims\jvm.cpp, line 1248]
Event: 0.812 Thread 0x00000000020de000 Exception <a 'java/security/PrivilegedActionException'> (0x00000000d75dfbb0) thrown at [D:\re\workspace\8-2-build-windows-amd64-cygwin\jdk8u5\2488\hotspot\src\share\vm\prims\jvm.cpp, line 1248]
Event: 0.813 Thread 0x00000000020de000 Exception <a 'java/security/PrivilegedActionException'> (0x00000000d75e4f28) thrown at [D:\re\workspace\8-2-build-windows-amd64-cygwin\jdk8u5\2488\hotspot\src\share\vm\prims\jvm.cpp, line 1248]
Event: 0.814 Thread 0x00000000020de000 Exception <a 'java/security/PrivilegedActionException'> (0x00000000d75ea350) thrown at [D:\re\workspace\8-2-build-windows-amd64-cygwin\jdk8u5\2488\hotspot\src\share\vm\prims\jvm.cpp, line 1248]
Event: 0.814 Thread 0x00000000020de000 Exception <a 'java/security/PrivilegedActionException'> (0x00000000d75ed7e8) thrown at [D:\re\workspace\8-2-build-windows-amd64-cygwin\jdk8u5\2488\hotspot\src\share\vm\prims\jvm.cpp, line 1248]
Event: 0.815 Thread 0x00000000020de000 Exception <a 'java/security/PrivilegedActionException'> (0x00000000d75f72f8) thrown at [D:\re\workspace\8-2-build-windows-amd64-cygwin\jdk8u5\2488\hotspot\src\share\vm\prims\jvm.cpp, line 1248]
Event: 0.819 Thread 0x00000000020de000 Exception <a 'java/security/PrivilegedActionException'> (0x00000000d750cba0) thrown at [D:\re\workspace\8-2-build-windows-amd64-cygwin\jdk8u5\2488\hotspot\src\share\vm\prims\jvm.cpp, line 1248]
Event: 0.821 Thread 0x00000000020de000 Exception <a 'java/security/PrivilegedActionException'> (0x00000000d7516f48) thrown at [D:\re\workspace\8-2-build-windows-amd64-cygwin\jdk8u5\2488\hotspot\src\share\vm\prims\jvm.cpp, line 1248]
Event: 0.823 Thread 0x00000000020de000 Exception <a 'java/security/PrivilegedActionException'> (0x00000000d751af80) thrown at [D:\re\workspace\8-2-build-windows-amd64-cygwin\jdk8u5\2488\hotspot\src\share\vm\prims\jvm.cpp, line 1248]
Event: 0.823 Thread 0x00000000020de000 Exception <a 'java/security/PrivilegedActionException'> (0x00000000d751e0d0) thrown at [D:\re\workspace\8-2-build-windows-amd64-cygwin\jdk8u5\2488\hotspot\src\share\vm\prims\jvm.cpp, line 1248]

Events (10 events):
Event: 0.820 loading class java/io/DataOutput done
Event: 0.820 loading class java/io/DataOutputStream done
Event: 0.820 loading class java/util/concurrent/CopyOnWriteArrayList
Event: 0.821 loading class java/util/concurrent/CopyOnWriteArrayList done
Event: 0.821 loading class com/xuggle/xuggler/IContainer$Type
Event: 0.821 loading class com/xuggle/xuggler/IContainer$Type done
Event: 0.823 loading class com/xuggle/xuggler/IContainer$Type$SwigNext
Event: 0.823 loading class com/xuggle/xuggler/IContainer$Type$SwigNext done
Event: 0.823 loading class com/xuggle/xuggler/IContainerFormat
Event: 0.823 loading class com/xuggle/xuggler/IContainerFormat done


Dynamic libraries:
0x00007ff778840000 - 0x00007ff778874000 	C:\Program Files\Java\jdk1.8.0_05\bin\javaw.exe
0x00007fff14c00000 - 0x00007fff14daa000 	C:\WINDOWS\SYSTEM32\ntdll.dll
0x00007fff14620000 - 0x00007fff1475a000 	C:\WINDOWS\system32\KERNEL32.DLL
0x00007fff12090000 - 0x00007fff1219f000 	C:\WINDOWS\system32\KERNELBASE.dll
0x00007fff10ba0000 - 0x00007fff10c28000 	C:\WINDOWS\system32\apphelp.dll
0x00007ffeffaf0000 - 0x00007ffeffb3f000 	C:\WINDOWS\AppPatch\AppPatch64\AcGenral.DLL
0x00007fff13ec0000 - 0x00007fff13f67000 	C:\WINDOWS\system32\msvcrt.dll
0x00007fff11db0000 - 0x00007fff11ddb000 	C:\WINDOWS\SYSTEM32\SspiCli.dll
0x00007fff142d0000 - 0x00007fff14321000 	C:\WINDOWS\system32\SHLWAPI.dll
0x00007fff14460000 - 0x00007fff145d1000 	C:\WINDOWS\system32\USER32.dll
0x00007fff14a80000 - 0x00007fff14bf8000 	C:\WINDOWS\system32\ole32.dll
0x00007fff12a40000 - 0x00007fff13e60000 	C:\WINDOWS\system32\SHELL32.dll
0x00007fff11580000 - 0x00007fff1159e000 	C:\WINDOWS\SYSTEM32\USERENV.dll
0x00007fff14330000 - 0x00007fff143d5000 	C:\WINDOWS\system32\ADVAPI32.dll
0x00007fff07cd0000 - 0x00007fff07ceb000 	C:\WINDOWS\SYSTEM32\MPR.dll
0x00007fff14940000 - 0x00007fff14a76000 	C:\WINDOWS\system32\RPCRT4.dll
0x00007fff14400000 - 0x00007fff14457000 	C:\WINDOWS\SYSTEM32\sechost.dll
0x00007fff12480000 - 0x00007fff12656000 	C:\WINDOWS\SYSTEM32\combase.dll
0x00007fff12780000 - 0x00007fff128c4000 	C:\WINDOWS\system32\GDI32.dll
0x00007fff11f70000 - 0x00007fff11f84000 	C:\WINDOWS\SYSTEM32\profapi.dll
0x00007fff105d0000 - 0x00007fff1066f000 	C:\WINDOWS\SYSTEM32\SHCORE.dll
0x00007fff145e0000 - 0x00007fff14614000 	C:\WINDOWS\system32\IMM32.DLL
0x00007fff128e0000 - 0x00007fff12a19000 	C:\WINDOWS\system32\MSCTF.dll
0x00007fff0fbb0000 - 0x00007fff0fe0a000 	C:\WINDOWS\WinSxS\amd64_microsoft.windows.common-controls_6595b64144ccf1df_6.0.9600.17031_none_6242a4b3ecbb55a1\COMCTL32.dll
0x0000000065240000 - 0x0000000065312000 	C:\Program Files\Java\jdk1.8.0_05\jre\bin\msvcr100.dll
0x00000000658f0000 - 0x000000006611a000 	C:\Program Files\Java\jdk1.8.0_05\jre\bin\server\jvm.dll
0x00007fff09920000 - 0x00007fff09929000 	C:\WINDOWS\SYSTEM32\WSOCK32.dll
0x00007fff0c8d0000 - 0x00007fff0c8ef000 	C:\WINDOWS\SYSTEM32\WINMM.dll
0x00007fff140c0000 - 0x00007fff140c7000 	C:\WINDOWS\system32\PSAPI.DLL
0x00007fff13e60000 - 0x00007fff13eb8000 	C:\WINDOWS\system32\WS2_32.dll
0x00007fff0c8a0000 - 0x00007fff0c8ca000 	C:\WINDOWS\SYSTEM32\WINMMBASE.dll
0x00007fff12a30000 - 0x00007fff12a39000 	C:\WINDOWS\system32\NSI.dll
0x00007fff12040000 - 0x00007fff1208a000 	C:\WINDOWS\SYSTEM32\cfgmgr32.dll
0x00007fff10e00000 - 0x00007fff10e26000 	C:\WINDOWS\SYSTEM32\DEVOBJ.dll
0x00000000658e0000 - 0x00000000658ef000 	C:\Program Files\Java\jdk1.8.0_05\jre\bin\verify.dll
0x00000000658b0000 - 0x00000000658d8000 	C:\Program Files\Java\jdk1.8.0_05\jre\bin\java.dll
0x0000000065890000 - 0x00000000658a6000 	C:\Program Files\Java\jdk1.8.0_05\jre\bin\zip.dll
0x00007fff11890000 - 0x00007fff118ae000 	C:\WINDOWS\SYSTEM32\CRYPTSP.dll
0x00007fff11470000 - 0x00007fff114a5000 	C:\WINDOWS\system32\rsaenh.dll
0x00007fff11ac0000 - 0x00007fff11ae6000 	C:\WINDOWS\SYSTEM32\bcrypt.dll
0x00007fff11de0000 - 0x00007fff11e40000 	C:\WINDOWS\system32\bcryptprimitives.dll
0x00007fff11e40000 - 0x00007fff11e4a000 	C:\WINDOWS\SYSTEM32\CRYPTBASE.dll
0x0000000065870000 - 0x000000006588a000 	C:\Program Files\Java\jdk1.8.0_05\jre\bin\net.dll
0x00007fff117d0000 - 0x00007fff11828000 	C:\WINDOWS\system32\mswsock.dll
0x00007fff0d180000 - 0x00007fff0d1a9000 	C:\WINDOWS\SYSTEM32\IPHLPAPI.DLL
0x00007fff0d160000 - 0x00007fff0d16a000 	C:\WINDOWS\SYSTEM32\WINNSI.DLL
0x00007fff0cff0000 - 0x00007fff0d004000 	C:\WINDOWS\SYSTEM32\dhcpcsvc6.DLL
0x00007fff0cfd0000 - 0x00007fff0cfe9000 	C:\WINDOWS\SYSTEM32\dhcpcsvc.DLL
0x0000000065850000 - 0x0000000065861000 	C:\Program Files\Java\jdk1.8.0_05\jre\bin\nio.dll
0x000000006e740000 - 0x000000006fda5000 	C:\Users\±è¿µ¹Î\AppData\Local\Temp\xuggle\xuggle3901129225626076304.dll
0x00007fff024a0000 - 0x00007fff024b7000 	C:\WINDOWS\SYSTEM32\AVICAP32.dll
0x00007fff0c730000 - 0x00007fff0c73a000 	C:\WINDOWS\SYSTEM32\VERSION.dll
0x00007fff01960000 - 0x00007fff01989000 	C:\WINDOWS\SYSTEM32\MSVFW32.dll
0x00007ffefc350000 - 0x00007ffefc4d8000 	C:\WINDOWS\SYSTEM32\dbghelp.dll

VM Arguments:
jvm_args: -Dfile.encoding=MS949 
java_command: sgen.xuggle.video.DecodeAndSaveAudioVideo
java_class_path (initial): C:\android-sdk-windows\ProcessingMedia\bin;C:\android-sdk-windows\ProcessingMedia\lib\xuggle-utils-1.22.jar;C:\android-sdk-windows\ProcessingMedia\slf4j-api-1.7.7.jar;C:\android-sdk-windows\ProcessingMedia\slf4j-nop-1.7.7.jar;C:\android-sdk-windows\ProcessingMedia\xuggle-xuggler-5.4.jar
Launcher Type: SUN_STANDARD

Environment Variables:
JAVA_HOME=C:\Program Files\Java\jdk1.8.0_05
CLASSPATH=.;.;C:\PROGRA~2\JMF21~1.1E\lib\sound.jar;C:\PROGRA~2\JMF21~1.1E\lib\jmf.jar;C:\PROGRA~2\JMF21~1.1E\lib;
USERNAME=±è¿µ¹Î
OS=Windows_NT
PROCESSOR_IDENTIFIER=Intel64 Family 6 Model 58 Stepping 9, GenuineIntel



---------------  S Y S T E M  ---------------

OS: Windows 8.1 , 64 bit Build 9600 

CPU:total 4 (2 cores per cpu, 2 threads per core) family 6 model 58 stepping 9, cmov, cx8, fxsr, mmx, sse, sse2, sse3, ssse3, sse4.1, sse4.2, popcnt, avx, clmul, erms, ht, tsc, tscinvbit

Memory: 4k page, physical 8001056k(4973120k free), swap 16127524k(11407480k free)

vm_info: Java HotSpot(TM) 64-Bit Server VM (25.5-b02) for windows-amd64 JRE (1.8.0_05-b13), built on Mar 18 2014 01:08:39 by "java_re" with MS VC++ 10.0 (VS2010)

time: Fri Jun 27 15:55:44 2014
elapsed time: 0 seconds

